@100050 s1 (Bob,50,Mary)
@100050 s1 (Bob,50,Mary)
@100110 s1 (Mary,100,Paul)
@100110 s1 (Mary,100,Paul)
@100390 s1 (Bob,100,Paul)
@100390 s1 (Bob,100,Paul)
@100660 s1 (Paul,200,Mary)
@100660 s1 (Paul,200,Mary)
@100880 s1 (Bob,150,Mary)
@100880 s1 (Bob,150,Mary)
@101000 s2 (Bob,3)
@101000 s2 (Mary,1)
@101000 s2 (Paul,1)
@101010 s1 (Mary,50,Paul)
@101010 s1 (Mary,50,Paul)
@101520 s1 (Paul,70,Bob)
@101520 s1 (Paul,70,Bob)
@101900 s1 (Bob,120,Mary)
@101900 s1 (Bob,120,Mary)
@102000 s2 (Mary,1)
@102000 s2 (Paul,1)
@102000 s2 (Bob,1)
@102370 s1 (Mary,500,Paul)
@102370 s1 (Mary,500,Paul)
@102700 s1 (Bob,130,Mary)
@102700 s1 (Bob,130,Mary)
@102950 s1 (Paul,300,Bob)
@102950 s1 (Paul,300,Bob)
@103000 s2 (Mary,1)
@103000 s2 (Bob,1)
@103000 s2 (Paul,1)
@103200 s1 (Mary,150,Bob)
@103200 s1 (Mary,150,Bob)
@103600 s1 (Bob,70,Paul)
@103600 s1 (Bob,70,Paul)
@103900 s1 (Mary,230,Paul)
@103900 s1 (Mary,230,Paul)
@104000 s2 (Mary,2)
@104000 s2 (Bob,1)
@104300 s1 (Bob,550,Paul)
@104300 s1 (Bob,550,Paul)
@105000 s2 (Bob,2)
